# JRE version: OpenJDK Runtime Environment (21.0.9+10) (build 21.0.9+10-Ubuntu-124.04)
# Java VM: OpenJDK 64-Bit Server VM (21.0.9+10-Ubuntu-124.04, mixed mode, sharing, tiered, compressed oops, compressed class ptrs, g1 gc, linux-amd64)
GC Precious Log:
 CardTable entry size: 512
 Card Set container configuration: InlinePtr #cards 4 size 8 Array Of Cards #cards 32 size 80 Howl #buckets 8 coarsen threshold 7372 Howl Bitmap #cards 1024 size 144 coarsen threshold 921 Card regions per heap region 1 cards per card region 8192
 CPUs: 20 total, 20 available
 Memory: 31781M
 Large Page Support: Disabled
 NUMA Support: Disabled
 Compressed Oops: Enabled (Zero based)
 Heap Region Size: 4M
 Heap Min Capacity: 8M
 Heap Initial Capacity: 500M
 Heap Max Capacity: 7948M
 Pre-touch: Disabled
 Parallel Workers: 15
 Concurrent Workers: 4
 Concurrent Refinement Workers: 15
 Periodic GC: Disabled
Heap:
 garbage-first heap   total 57344K, used 31880K [0x000000060f400000, 0x0000000800000000)
  region size 4096K, 6 young (24576K), 1 survivors (4096K)
 Metaspace       used 12802K, committed 12992K, reserved 1114112K
  class space    used 1408K, committed 1472K, reserved 1048576K
GC Heap History (20 events):
Event: 0.358 GC heap before
{Heap before GC invocations=2 (full 2):
 garbage-first heap   total 16384K, used 7760K [0x000000060f400000, 0x0000000800000000)
  region size 4096K, 1 young (4096K), 0 survivors (0K)
 Metaspace       used 2138K, committed 2304K, reserved 1114112K
  class space    used 184K, committed 256K, reserved 1048576K
}
Event: 0.361 GC heap after
{Heap after GC invocations=3 (full 2):
 garbage-first heap   total 16384K, used 4144K [0x000000060f400000, 0x0000000800000000)
  region size 4096K, 1 young (4096K), 1 survivors (4096K)
 Metaspace       used 2138K, committed 2304K, reserved 1114112K
  class space    used 184K, committed 256K, reserved 1048576K
}
Event: 0.378 GC heap before
{Heap before GC invocations=3 (full 2):
 garbage-first heap   total 16384K, used 8240K [0x000000060f400000, 0x0000000800000000)
  region size 4096K, 2 young (8192K), 1 survivors (4096K)
 Metaspace       used 2147K, committed 2304K, reserved 1114112K
  class space    used 184K, committed 256K, reserved 1048576K
}
Event: 0.380 GC heap after
{Heap after GC invocations=4 (full 2):
 garbage-first heap   total 16384K, used 4440K [0x000000060f400000, 0x0000000800000000)
  region size 4096K, 1 young (4096K), 1 survivors (4096K)
 Metaspace       used 2147K, committed 2304K, reserved 1114112K
  class space    used 184K, committed 256K, reserved 1048576K
}
Event: 0.392 GC heap before
{Heap before GC invocations=4 (full 2):
 garbage-first heap   total 16384K, used 8536K [0x000000060f400000, 0x0000000800000000)
  region size 4096K, 2 young (8192K), 1 survivors (4096K)
 Metaspace       used 2150K, committed 2304K, reserved 1114112K
  class space    used 184K, committed 256K, reserved 1048576K
}
Event: 0.395 GC heap after
{Heap after GC invocations=5 (full 2):
 garbage-first heap   total 16384K, used 4887K [0x000000060f400000, 0x0000000800000000)
  region size 4096K, 1 young (4096K), 1 survivors (4096K)
 Metaspace       used 2150K, committed 2304K, reserved 1114112K
  class space    used 184K, committed 256K, reserved 1048576K
}
Event: 0.405 GC heap before
{Heap before GC invocations=5 (full 2):
 garbage-first heap   total 16384K, used 8983K [0x000000060f400000, 0x0000000800000000)
  region size 4096K, 2 young (8192K), 1 survivors (4096K)
 Metaspace       used 2155K, committed 2304K, reserved 1114112K
  class space    used 184K, committed 256K, reserved 1048576K
}
Event: 0.410 GC heap after
{Heap after GC invocations=6 (full 2):
 garbage-first heap   total 266240K, used 5195K [0x000000060f400000, 0x0000000800000000)
  region size 4096K, 1 young (4096K), 1 survivors (4096K)
 Metaspace       used 2155K, committed 2304K, reserved 1114112K
  class space    used 184K, committed 256K, reserved 1048576K
}
Event: 0.629 GC heap before
{Heap before GC invocations=6 (full 2):
 garbage-first heap   total 266240K, used 29771K [0x000000060f400000, 0x0000000800000000)
  region size 4096K, 8 young (32768K), 1 survivors (4096K)
 Metaspace       used 2833K, committed 3072K, reserved 1114112K
  class space    used 253K, committed 384K, reserved 1048576K
}
Event: 0.656 GC heap after
{Heap after GC invocations=7 (full 3):
 garbage-first heap   total 81920K, used 8056K [0x000000060f400000, 0x0000000800000000)
  region size 4096K, 0 young (0K), 0 survivors (0K)
 Metaspace       used 2833K, committed 3072K, reserved 1114112K
  class space    used 253K, committed 384K, reserved 1048576K
}
Event: 0.826 GC heap before
{Heap before GC invocations=7 (full 3):
 garbage-first heap   total 81920K, used 12152K [0x000000060f400000, 0x0000000800000000)
  region size 4096K, 2 young (8192K), 0 survivors (0K)
 Metaspace       used 2918K, committed 3136K, reserved 1114112K
  class space    used 264K, committed 384K, reserved 1048576K
}
Event: 0.862 GC heap after
{Heap after GC invocations=8 (full 4):
 garbage-first heap   total 57344K, used 11832K [0x000000060f400000, 0x0000000800000000)
  region size 4096K, 0 young (0K), 0 survivors (0K)
 Metaspace       used 2918K, committed 3136K, reserved 1114112K
  class space    used 264K, committed 384K, reserved 1048576K
}
Event: 1.227 GC heap before
{Heap before GC invocations=8 (full 4):
 garbage-first heap   total 57344K, used 15928K [0x000000060f400000, 0x0000000800000000)
  region size 4096K, 2 young (8192K), 0 survivors (0K)
 Metaspace       used 4412K, committed 4544K, reserved 1114112K
  class space    used 428K, committed 512K, reserved 1048576K
}
Event: 1.279 GC heap after
{Heap after GC invocations=9 (full 5):
 garbage-first heap   total 57344K, used 12934K [0x000000060f400000, 0x0000000800000000)
  region size 4096K, 0 young (0K), 0 survivors (0K)
 Metaspace       used 4412K, committed 4544K, reserved 1114112K
  class space    used 428K, committed 512K, reserved 1048576K
}
Event: 1.317 GC heap before
{Heap before GC invocations=9 (full 5):
 garbage-first heap   total 57344K, used 12934K [0x000000060f400000, 0x0000000800000000)
  region size 4096K, 1 young (4096K), 0 survivors (0K)
 Metaspace       used 4415K, committed 4544K, reserved 1114112K
  class space    used 430K, committed 512K, reserved 1048576K
}
Event: 1.376 GC heap after
{Heap after GC invocations=10 (full 6):
 garbage-first heap   total 57344K, used 12935K [0x000000060f400000, 0x0000000800000000)
  region size 4096K, 0 young (0K), 0 survivors (0K)
 Metaspace       used 4415K, committed 4544K, reserved 1114112K
  class space    used 430K, committed 512K, reserved 1048576K
}
Event: 2.350 GC heap before
{Heap before GC invocations=10 (full 6):
 garbage-first heap   total 57344K, used 29319K [0x000000060f400000, 0x0000000800000000)
  region size 4096K, 5 young (20480K), 0 survivors (0K)
 Metaspace       used 11916K, committed 12096K, reserved 1114112K
  class space    used 1369K, committed 1472K, reserved 1048576K
}
Event: 2.420 GC heap after
{Heap after GC invocations=11 (full 7):
 garbage-first heap   total 57344K, used 15096K [0x000000060f400000, 0x0000000800000000)
  region size 4096K, 0 young (0K), 0 survivors (0K)
 Metaspace       used 11916K, committed 12096K, reserved 1114112K
  class space    used 1369K, committed 1472K, reserved 1048576K
}
Event: 40.200 GC heap before
{Heap before GC invocations=11 (full 7):
 garbage-first heap   total 57344K, used 39672K [0x000000060f400000, 0x0000000800000000)
  region size 4096K, 6 young (24576K), 0 survivors (0K)
 Metaspace       used 12712K, committed 12864K, reserved 1114112K
  class space    used 1396K, committed 1472K, reserved 1048576K
}
Event: 40.203 GC heap after
{Heap after GC invocations=12 (full 7):
 garbage-first heap   total 57344K, used 15496K [0x000000060f400000, 0x0000000800000000)
  region size 4096K, 1 young (4096K), 1 survivors (4096K)
 Metaspace       used 12712K, committed 12864K, reserved 1114112K
  class space    used 1396K, committed 1472K, reserved 1048576K
}

