# JRE version: OpenJDK Runtime Environment (21.0.9+10) (build 21.0.9+10-Ubuntu-124.04)
# Java VM: OpenJDK 64-Bit Server VM (21.0.9+10-Ubuntu-124.04, mixed mode, sharing, tiered, compressed oops, compressed class ptrs, g1 gc, linux-amd64)
GC Precious Log:
 CardTable entry size: 512
 Card Set container configuration: InlinePtr #cards 4 size 8 Array Of Cards #cards 32 size 80 Howl #buckets 8 coarsen threshold 7372 Howl Bitmap #cards 1024 size 144 coarsen threshold 921 Card regions per heap region 1 cards per card region 8192
 CPUs: 20 total, 20 available
 Memory: 31781M
 Large Page Support: Disabled
 NUMA Support: Disabled
 Compressed Oops: Enabled (Zero based)
 Heap Region Size: 4M
 Heap Min Capacity: 8M
 Heap Initial Capacity: 500M
 Heap Max Capacity: 7948M
 Pre-touch: Disabled
 Parallel Workers: 15
 Concurrent Workers: 4
 Concurrent Refinement Workers: 15
 Periodic GC: Disabled
Heap:
 garbage-first heap   total 69632K, used 40216K [0x000000060f400000, 0x0000000800000000)
  region size 4096K, 8 young (32768K), 1 survivors (4096K)
 Metaspace       used 12843K, committed 13056K, reserved 1114112K
  class space    used 1407K, committed 1472K, reserved 1048576K
GC Heap History (20 events):
Event: 0.384 GC heap before
{Heap before GC invocations=2 (full 2):
 garbage-first heap   total 16384K, used 7760K [0x000000060f400000, 0x0000000800000000)
  region size 4096K, 1 young (4096K), 0 survivors (0K)
 Metaspace       used 2143K, committed 2304K, reserved 1114112K
  class space    used 184K, committed 256K, reserved 1048576K
}
Event: 0.386 GC heap after
{Heap after GC invocations=3 (full 2):
 garbage-first heap   total 16384K, used 4384K [0x000000060f400000, 0x0000000800000000)
  region size 4096K, 1 young (4096K), 1 survivors (4096K)
 Metaspace       used 2143K, committed 2304K, reserved 1114112K
  class space    used 184K, committed 256K, reserved 1048576K
}
Event: 0.397 GC heap before
{Heap before GC invocations=3 (full 2):
 garbage-first heap   total 16384K, used 8480K [0x000000060f400000, 0x0000000800000000)
  region size 4096K, 2 young (8192K), 1 survivors (4096K)
 Metaspace       used 2153K, committed 2304K, reserved 1114112K
  class space    used 184K, committed 256K, reserved 1048576K
}
Event: 0.399 GC heap after
{Heap after GC invocations=4 (full 2):
 garbage-first heap   total 16384K, used 4475K [0x000000060f400000, 0x0000000800000000)
  region size 4096K, 1 young (4096K), 1 survivors (4096K)
 Metaspace       used 2153K, committed 2304K, reserved 1114112K
  class space    used 184K, committed 256K, reserved 1048576K
}
Event: 0.411 GC heap before
{Heap before GC invocations=4 (full 2):
 garbage-first heap   total 16384K, used 8571K [0x000000060f400000, 0x0000000800000000)
  region size 4096K, 2 young (8192K), 1 survivors (4096K)
 Metaspace       used 2155K, committed 2304K, reserved 1114112K
  class space    used 184K, committed 256K, reserved 1048576K
}
Event: 0.414 GC heap after
{Heap after GC invocations=5 (full 2):
 garbage-first heap   total 16384K, used 4907K [0x000000060f400000, 0x0000000800000000)
  region size 4096K, 1 young (4096K), 1 survivors (4096K)
 Metaspace       used 2155K, committed 2304K, reserved 1114112K
  class space    used 184K, committed 256K, reserved 1048576K
}
Event: 0.424 GC heap before
{Heap before GC invocations=5 (full 2):
 garbage-first heap   total 16384K, used 9003K [0x000000060f400000, 0x0000000800000000)
  region size 4096K, 2 young (8192K), 1 survivors (4096K)
 Metaspace       used 2160K, committed 2304K, reserved 1114112K
  class space    used 184K, committed 256K, reserved 1048576K
}
Event: 0.428 GC heap after
{Heap after GC invocations=6 (full 2):
 garbage-first heap   total 266240K, used 5258K [0x000000060f400000, 0x0000000800000000)
  region size 4096K, 1 young (4096K), 1 survivors (4096K)
 Metaspace       used 2160K, committed 2304K, reserved 1114112K
  class space    used 184K, committed 256K, reserved 1048576K
}
Event: 0.594 GC heap before
{Heap before GC invocations=6 (full 2):
 garbage-first heap   total 266240K, used 29834K [0x000000060f400000, 0x0000000800000000)
  region size 4096K, 8 young (32768K), 1 survivors (4096K)
 Metaspace       used 2838K, committed 3072K, reserved 1114112K
  class space    used 253K, committed 384K, reserved 1048576K
}
Event: 0.614 GC heap after
{Heap after GC invocations=7 (full 3):
 garbage-first heap   total 81920K, used 8057K [0x000000060f400000, 0x0000000800000000)
  region size 4096K, 0 young (0K), 0 survivors (0K)
 Metaspace       used 2838K, committed 3072K, reserved 1114112K
  class space    used 253K, committed 384K, reserved 1048576K
}
Event: 1.434 GC heap before
{Heap before GC invocations=7 (full 3):
 garbage-first heap   total 81920K, used 40825K [0x000000060f400000, 0x0000000800000000)
  region size 4096K, 8 young (32768K), 0 survivors (0K)
 Metaspace       used 10658K, committed 10880K, reserved 1114112K
  class space    used 1226K, committed 1344K, reserved 1048576K
}
Event: 1.443 GC heap after
{Heap after GC invocations=8 (full 3):
 garbage-first heap   total 81920K, used 15398K [0x000000060f400000, 0x0000000800000000)
  region size 4096K, 1 young (4096K), 1 survivors (4096K)
 Metaspace       used 10658K, committed 10880K, reserved 1114112K
  class space    used 1226K, committed 1344K, reserved 1048576K
}
Event: 1.462 GC heap before
{Heap before GC invocations=8 (full 3):
 garbage-first heap   total 81920K, used 15398K [0x000000060f400000, 0x0000000800000000)
  region size 4096K, 2 young (8192K), 1 survivors (4096K)
 Metaspace       used 10719K, committed 10944K, reserved 1114112K
  class space    used 1229K, committed 1344K, reserved 1048576K
}
Event: 1.501 GC heap after
{Heap after GC invocations=9 (full 4):
 garbage-first heap   total 69632K, used 15095K [0x000000060f400000, 0x0000000800000000)
  region size 4096K, 0 young (0K), 0 survivors (0K)
 Metaspace       used 10719K, committed 10944K, reserved 1114112K
  class space    used 1229K, committed 1344K, reserved 1048576K
}
Event: 32.936 GC heap before
{Heap before GC invocations=9 (full 4):
 garbage-first heap   total 69632K, used 39671K [0x000000060f400000, 0x0000000800000000)
  region size 4096K, 6 young (24576K), 0 survivors (0K)
 Metaspace       used 12739K, committed 12928K, reserved 1114112K
  class space    used 1397K, committed 1472K, reserved 1048576K
}
Event: 32.939 GC heap after
{Heap after GC invocations=10 (full 4):
 garbage-first heap   total 69632K, used 15924K [0x000000060f400000, 0x0000000800000000)
  region size 4096K, 1 young (4096K), 1 survivors (4096K)
 Metaspace       used 12739K, committed 12928K, reserved 1114112K
  class space    used 1397K, committed 1472K, reserved 1048576K
}
Event: 87.866 GC heap before
{Heap before GC invocations=10 (full 4):
 garbage-first heap   total 69632K, used 40500K [0x000000060f400000, 0x0000000800000000)
  region size 4096K, 7 young (28672K), 1 survivors (4096K)
 Metaspace       used 12758K, committed 12928K, reserved 1114112K
  class space    used 1398K, committed 1472K, reserved 1048576K
}
Event: 87.870 GC heap after
{Heap after GC invocations=11 (full 4):
 garbage-first heap   total 69632K, used 15722K [0x000000060f400000, 0x0000000800000000)
  region size 4096K, 1 young (4096K), 1 survivors (4096K)
 Metaspace       used 12758K, committed 12928K, reserved 1114112K
  class space    used 1398K, committed 1472K, reserved 1048576K
}
Event: 154.449 GC heap before
{Heap before GC invocations=11 (full 4):
 garbage-first heap   total 69632K, used 44394K [0x000000060f400000, 0x0000000800000000)
  region size 4096K, 8 young (32768K), 1 survivors (4096K)
 Metaspace       used 12784K, committed 12992K, reserved 1114112K
  class space    used 1398K, committed 1472K, reserved 1048576K
}
Event: 154.452 GC heap after
{Heap after GC invocations=12 (full 4):
 garbage-first heap   total 69632K, used 15640K [0x000000060f400000, 0x0000000800000000)
  region size 4096K, 1 young (4096K), 1 survivors (4096K)
 Metaspace       used 12784K, committed 12992K, reserved 1114112K
  class space    used 1398K, committed 1472K, reserved 1048576K
}

