# JRE version: OpenJDK Runtime Environment (21.0.9+10) (build 21.0.9+10-Ubuntu-124.04)
# Java VM: OpenJDK 64-Bit Server VM (21.0.9+10-Ubuntu-124.04, mixed mode, sharing, tiered, compressed oops, compressed class ptrs, g1 gc, linux-amd64)
GC Precious Log:
 CardTable entry size: 512
 Card Set container configuration: InlinePtr #cards 4 size 8 Array Of Cards #cards 32 size 80 Howl #buckets 8 coarsen threshold 7372 Howl Bitmap #cards 1024 size 144 coarsen threshold 921 Card regions per heap region 1 cards per card region 8192
 CPUs: 20 total, 20 available
 Memory: 31781M
 Large Page Support: Disabled
 NUMA Support: Disabled
 Compressed Oops: Enabled (Zero based)
 Heap Region Size: 4M
 Heap Min Capacity: 8M
 Heap Initial Capacity: 500M
 Heap Max Capacity: 7948M
 Pre-touch: Disabled
 Parallel Workers: 15
 Concurrent Workers: 4
 Concurrent Refinement Workers: 15
 Periodic GC: Disabled
Heap:
 garbage-first heap   total 57344K, used 23156K [0x000000060f400000, 0x0000000800000000)
  region size 4096K, 3 young (12288K), 0 survivors (0K)
 Metaspace       used 12506K, committed 12672K, reserved 1114112K
  class space    used 1409K, committed 1472K, reserved 1048576K
GC Heap History (20 events):
Event: 0.123 GC heap before
{Heap before GC invocations=0 (full 0):
 garbage-first heap   total 516096K, used 5170K [0x000000060f400000, 0x0000000800000000)
  region size 4096K, 2 young (8192K), 0 survivors (0K)
 Metaspace       used 1551K, committed 1664K, reserved 1114112K
  class space    used 129K, committed 192K, reserved 1048576K
}
Event: 0.127 GC heap after
{Heap after GC invocations=1 (full 1):
 garbage-first heap   total 40960K, used 3576K [0x000000060f400000, 0x0000000800000000)
  region size 4096K, 0 young (0K), 0 survivors (0K)
 Metaspace       used 1551K, committed 1664K, reserved 1114112K
  class space    used 129K, committed 192K, reserved 1048576K
}
Event: 0.137 GC heap before
{Heap before GC invocations=1 (full 1):
 garbage-first heap   total 40960K, used 3576K [0x000000060f400000, 0x0000000800000000)
  region size 4096K, 1 young (4096K), 0 survivors (0K)
 Metaspace       used 1551K, committed 1664K, reserved 1114112K
  class space    used 129K, committed 192K, reserved 1048576K
}
Event: 0.144 GC heap after
{Heap after GC invocations=2 (full 2):
 garbage-first heap   total 16384K, used 3576K [0x000000060f400000, 0x0000000800000000)
  region size 4096K, 0 young (0K), 0 survivors (0K)
 Metaspace       used 1551K, committed 1664K, reserved 1114112K
  class space    used 129K, committed 192K, reserved 1048576K
}
Event: 0.193 GC heap before
{Heap before GC invocations=2 (full 2):
 garbage-first heap   total 16384K, used 7672K [0x000000060f400000, 0x0000000800000000)
  region size 4096K, 1 young (4096K), 0 survivors (0K)
 Metaspace       used 2148K, committed 2304K, reserved 1114112K
  class space    used 184K, committed 256K, reserved 1048576K
}
Event: 0.194 GC heap after
{Heap after GC invocations=3 (full 2):
 garbage-first heap   total 16384K, used 4296K [0x000000060f400000, 0x0000000800000000)
  region size 4096K, 1 young (4096K), 1 survivors (4096K)
 Metaspace       used 2148K, committed 2304K, reserved 1114112K
  class space    used 184K, committed 256K, reserved 1048576K
}
Event: 0.199 GC heap before
{Heap before GC invocations=3 (full 2):
 garbage-first heap   total 16384K, used 8392K [0x000000060f400000, 0x0000000800000000)
  region size 4096K, 2 young (8192K), 1 survivors (4096K)
 Metaspace       used 2153K, committed 2304K, reserved 1114112K
  class space    used 184K, committed 256K, reserved 1048576K
}
Event: 0.199 GC heap after
{Heap after GC invocations=4 (full 2):
 garbage-first heap   total 16384K, used 4436K [0x000000060f400000, 0x0000000800000000)
  region size 4096K, 1 young (4096K), 1 survivors (4096K)
 Metaspace       used 2153K, committed 2304K, reserved 1114112K
  class space    used 184K, committed 256K, reserved 1048576K
}
Event: 0.202 GC heap before
{Heap before GC invocations=4 (full 2):
 garbage-first heap   total 16384K, used 8532K [0x000000060f400000, 0x0000000800000000)
  region size 4096K, 2 young (8192K), 1 survivors (4096K)
 Metaspace       used 2156K, committed 2304K, reserved 1114112K
  class space    used 184K, committed 256K, reserved 1048576K
}
Event: 0.203 GC heap after
{Heap after GC invocations=5 (full 2):
 garbage-first heap   total 16384K, used 4808K [0x000000060f400000, 0x0000000800000000)
  region size 4096K, 1 young (4096K), 1 survivors (4096K)
 Metaspace       used 2156K, committed 2304K, reserved 1114112K
  class space    used 184K, committed 256K, reserved 1048576K
}
Event: 0.206 GC heap before
{Heap before GC invocations=5 (full 2):
 garbage-first heap   total 16384K, used 8904K [0x000000060f400000, 0x0000000800000000)
  region size 4096K, 2 young (8192K), 1 survivors (4096K)
 Metaspace       used 2160K, committed 2304K, reserved 1114112K
  class space    used 184K, committed 256K, reserved 1048576K
}
Event: 0.208 GC heap after
{Heap after GC invocations=6 (full 2):
 garbage-first heap   total 266240K, used 5353K [0x000000060f400000, 0x0000000800000000)
  region size 4096K, 1 young (4096K), 1 survivors (4096K)
 Metaspace       used 2160K, committed 2304K, reserved 1114112K
  class space    used 184K, committed 256K, reserved 1048576K
}
Event: 0.258 GC heap before
{Heap before GC invocations=6 (full 2):
 garbage-first heap   total 266240K, used 29929K [0x000000060f400000, 0x0000000800000000)
  region size 4096K, 8 young (32768K), 1 survivors (4096K)
 Metaspace       used 2837K, committed 3072K, reserved 1114112K
  class space    used 253K, committed 384K, reserved 1048576K
}
Event: 0.265 GC heap after
{Heap after GC invocations=7 (full 3):
 garbage-first heap   total 81920K, used 8057K [0x000000060f400000, 0x0000000800000000)
  region size 4096K, 0 young (0K), 0 survivors (0K)
 Metaspace       used 2837K, committed 3072K, reserved 1114112K
  class space    used 253K, committed 384K, reserved 1048576K
}
Event: 0.296 GC heap before
{Heap before GC invocations=7 (full 3):
 garbage-first heap   total 81920K, used 12153K [0x000000060f400000, 0x0000000800000000)
  region size 4096K, 2 young (8192K), 0 survivors (0K)
 Metaspace       used 2922K, committed 3136K, reserved 1114112K
  class space    used 264K, committed 384K, reserved 1048576K
}
Event: 0.305 GC heap after
{Heap after GC invocations=8 (full 4):
 garbage-first heap   total 57344K, used 11832K [0x000000060f400000, 0x0000000800000000)
  region size 4096K, 0 young (0K), 0 survivors (0K)
 Metaspace       used 2922K, committed 3136K, reserved 1114112K
  class space    used 264K, committed 384K, reserved 1048576K
}
Event: 0.583 GC heap before
{Heap before GC invocations=8 (full 4):
 garbage-first heap   total 57344K, used 36408K [0x000000060f400000, 0x0000000800000000)
  region size 4096K, 6 young (24576K), 0 survivors (0K)
 Metaspace       used 10655K, committed 10880K, reserved 1114112K
  class space    used 1226K, committed 1344K, reserved 1048576K
}
Event: 0.587 GC heap after
{Heap after GC invocations=9 (full 4):
 garbage-first heap   total 57344K, used 15447K [0x000000060f400000, 0x0000000800000000)
  region size 4096K, 1 young (4096K), 1 survivors (4096K)
 Metaspace       used 10655K, committed 10880K, reserved 1114112K
  class space    used 1226K, committed 1344K, reserved 1048576K
}
Event: 0.595 GC heap before
{Heap before GC invocations=9 (full 4):
 garbage-first heap   total 57344K, used 15447K [0x000000060f400000, 0x0000000800000000)
  region size 4096K, 2 young (8192K), 1 survivors (4096K)
 Metaspace       used 10727K, committed 10944K, reserved 1114112K
  class space    used 1229K, committed 1344K, reserved 1048576K
}
Event: 0.617 GC heap after
{Heap after GC invocations=10 (full 5):
 garbage-first heap   total 57344K, used 14964K [0x000000060f400000, 0x0000000800000000)
  region size 4096K, 0 young (0K), 0 survivors (0K)
 Metaspace       used 10727K, committed 10944K, reserved 1114112K
  class space    used 1229K, committed 1344K, reserved 1048576K
}

