# JRE version: OpenJDK Runtime Environment (21.0.9+10) (build 21.0.9+10-Ubuntu-124.04)
# Java VM: OpenJDK 64-Bit Server VM (21.0.9+10-Ubuntu-124.04, mixed mode, sharing, tiered, compressed oops, compressed class ptrs, g1 gc, linux-amd64)
GC Precious Log:
 CardTable entry size: 512
 Card Set container configuration: InlinePtr #cards 4 size 8 Array Of Cards #cards 32 size 80 Howl #buckets 8 coarsen threshold 7372 Howl Bitmap #cards 1024 size 144 coarsen threshold 921 Card regions per heap region 1 cards per card region 8192
 CPUs: 20 total, 20 available
 Memory: 31781M
 Large Page Support: Disabled
 NUMA Support: Disabled
 Compressed Oops: Enabled (Zero based)
 Heap Region Size: 4M
 Heap Min Capacity: 8M
 Heap Initial Capacity: 500M
 Heap Max Capacity: 7948M
 Pre-touch: Disabled
 Parallel Workers: 15
 Concurrent Workers: 4
 Concurrent Refinement Workers: 15
 Periodic GC: Disabled
Heap:
 garbage-first heap   total 57344K, used 19624K [0x000000060f400000, 0x0000000800000000)
  region size 4096K, 3 young (12288K), 1 survivors (4096K)
 Metaspace       used 12918K, committed 13120K, reserved 1114112K
  class space    used 1415K, committed 1472K, reserved 1048576K
GC Heap History (20 events):
Event: 1.758 GC heap before
{Heap before GC invocations=10 (full 6):
 garbage-first heap   total 57344K, used 29321K [0x000000060f400000, 0x0000000800000000)
  region size 4096K, 5 young (20480K), 0 survivors (0K)
 Metaspace       used 11739K, committed 11968K, reserved 1114112K
  class space    used 1352K, committed 1472K, reserved 1048576K
}
Event: 1.822 GC heap after
{Heap after GC invocations=11 (full 7):
 garbage-first heap   total 57344K, used 15055K [0x000000060f400000, 0x0000000800000000)
  region size 4096K, 0 young (0K), 0 survivors (0K)
 Metaspace       used 11739K, committed 11968K, reserved 1114112K
  class space    used 1352K, committed 1472K, reserved 1048576K
}
Event: 36.855 GC heap before
{Heap before GC invocations=11 (full 7):
 garbage-first heap   total 57344K, used 39631K [0x000000060f400000, 0x0000000800000000)
  region size 4096K, 6 young (24576K), 0 survivors (0K)
 Metaspace       used 12576K, committed 12736K, reserved 1114112K
  class space    used 1399K, committed 1472K, reserved 1048576K
}
Event: 36.858 GC heap after
{Heap after GC invocations=12 (full 7):
 garbage-first heap   total 57344K, used 15576K [0x000000060f400000, 0x0000000800000000)
  region size 4096K, 1 young (4096K), 1 survivors (4096K)
 Metaspace       used 12576K, committed 12736K, reserved 1114112K
  class space    used 1399K, committed 1472K, reserved 1048576K
}
Event: 92.684 GC heap before
{Heap before GC invocations=12 (full 7):
 garbage-first heap   total 57344K, used 44248K [0x000000060f400000, 0x0000000800000000)
  region size 4096K, 8 young (32768K), 1 survivors (4096K)
 Metaspace       used 12676K, committed 12864K, reserved 1114112K
  class space    used 1405K, committed 1472K, reserved 1048576K
}
Event: 92.686 GC heap after
{Heap after GC invocations=13 (full 7):
 garbage-first heap   total 57344K, used 15560K [0x000000060f400000, 0x0000000800000000)
  region size 4096K, 1 young (4096K), 1 survivors (4096K)
 Metaspace       used 12676K, committed 12864K, reserved 1114112K
  class space    used 1405K, committed 1472K, reserved 1048576K
}
Event: 148.544 GC heap before
{Heap before GC invocations=13 (full 7):
 garbage-first heap   total 57344K, used 44232K [0x000000060f400000, 0x0000000800000000)
  region size 4096K, 8 young (32768K), 1 survivors (4096K)
 Metaspace       used 12709K, committed 12864K, reserved 1114112K
  class space    used 1405K, committed 1472K, reserved 1048576K
}
Event: 148.547 GC heap after
{Heap after GC invocations=14 (full 7):
 garbage-first heap   total 57344K, used 15541K [0x000000060f400000, 0x0000000800000000)
  region size 4096K, 1 young (4096K), 1 survivors (4096K)
 Metaspace       used 12709K, committed 12864K, reserved 1114112K
  class space    used 1405K, committed 1472K, reserved 1048576K
}
Event: 204.904 GC heap before
{Heap before GC invocations=14 (full 7):
 garbage-first heap   total 57344K, used 44213K [0x000000060f400000, 0x0000000800000000)
  region size 4096K, 8 young (32768K), 1 survivors (4096K)
 Metaspace       used 12729K, committed 12928K, reserved 1114112K
  class space    used 1405K, committed 1472K, reserved 1048576K
}
Event: 204.907 GC heap after
{Heap after GC invocations=15 (full 7):
 garbage-first heap   total 57344K, used 15528K [0x000000060f400000, 0x0000000800000000)
  region size 4096K, 1 young (4096K), 1 survivors (4096K)
 Metaspace       used 12729K, committed 12928K, reserved 1114112K
  class space    used 1405K, committed 1472K, reserved 1048576K
}
Event: 261.474 GC heap before
{Heap before GC invocations=15 (full 7):
 garbage-first heap   total 57344K, used 44200K [0x000000060f400000, 0x0000000800000000)
  region size 4096K, 8 young (32768K), 1 survivors (4096K)
 Metaspace       used 12737K, committed 12928K, reserved 1114112K
  class space    used 1405K, committed 1472K, reserved 1048576K
}
Event: 261.478 GC heap after
{Heap after GC invocations=16 (full 7):
 garbage-first heap   total 57344K, used 15498K [0x000000060f400000, 0x0000000800000000)
  region size 4096K, 1 young (4096K), 1 survivors (4096K)
 Metaspace       used 12737K, committed 12928K, reserved 1114112K
  class space    used 1405K, committed 1472K, reserved 1048576K
}
Event: 318.164 GC heap before
{Heap before GC invocations=16 (full 7):
 garbage-first heap   total 57344K, used 44170K [0x000000060f400000, 0x0000000800000000)
  region size 4096K, 8 young (32768K), 1 survivors (4096K)
 Metaspace       used 12737K, committed 12928K, reserved 1114112K
  class space    used 1405K, committed 1472K, reserved 1048576K
}
Event: 318.168 GC heap after
{Heap after GC invocations=17 (full 7):
 garbage-first heap   total 57344K, used 15518K [0x000000060f400000, 0x0000000800000000)
  region size 4096K, 1 young (4096K), 1 survivors (4096K)
 Metaspace       used 12737K, committed 12928K, reserved 1114112K
  class space    used 1405K, committed 1472K, reserved 1048576K
}
Event: 373.212 GC heap before
{Heap before GC invocations=17 (full 7):
 garbage-first heap   total 57344K, used 44190K [0x000000060f400000, 0x0000000800000000)
  region size 4096K, 8 young (32768K), 1 survivors (4096K)
 Metaspace       used 12866K, committed 12992K, reserved 1114112K
  class space    used 1405K, committed 1472K, reserved 1048576K
}
Event: 373.214 GC heap after
{Heap after GC invocations=18 (full 7):
 garbage-first heap   total 57344K, used 15555K [0x000000060f400000, 0x0000000800000000)
  region size 4096K, 1 young (4096K), 1 survivors (4096K)
 Metaspace       used 12866K, committed 12992K, reserved 1114112K
  class space    used 1405K, committed 1472K, reserved 1048576K
}
Event: 429.733 GC heap before
{Heap before GC invocations=18 (full 7):
 garbage-first heap   total 57344K, used 44227K [0x000000060f400000, 0x0000000800000000)
  region size 4096K, 8 young (32768K), 1 survivors (4096K)
 Metaspace       used 12868K, committed 13056K, reserved 1114112K
  class space    used 1405K, committed 1472K, reserved 1048576K
}
Event: 429.736 GC heap after
{Heap after GC invocations=19 (full 7):
 garbage-first heap   total 57344K, used 15533K [0x000000060f400000, 0x0000000800000000)
  region size 4096K, 1 young (4096K), 1 survivors (4096K)
 Metaspace       used 12868K, committed 13056K, reserved 1114112K
  class space    used 1405K, committed 1472K, reserved 1048576K
}
Event: 486.256 GC heap before
{Heap before GC invocations=19 (full 7):
 garbage-first heap   total 57344K, used 44205K [0x000000060f400000, 0x0000000800000000)
  region size 4096K, 8 young (32768K), 1 survivors (4096K)
 Metaspace       used 12870K, committed 13056K, reserved 1114112K
  class space    used 1405K, committed 1472K, reserved 1048576K
}
Event: 486.259 GC heap after
{Heap after GC invocations=20 (full 7):
 garbage-first heap   total 57344K, used 15528K [0x000000060f400000, 0x0000000800000000)
  region size 4096K, 1 young (4096K), 1 survivors (4096K)
 Metaspace       used 12870K, committed 13056K, reserved 1114112K
  class space    used 1405K, committed 1472K, reserved 1048576K
}

