# JRE version: OpenJDK Runtime Environment (21.0.9+10) (build 21.0.9+10-Ubuntu-124.04)
# Java VM: OpenJDK 64-Bit Server VM (21.0.9+10-Ubuntu-124.04, mixed mode, sharing, tiered, compressed oops, compressed class ptrs, g1 gc, linux-amd64)
GC Precious Log:
 CardTable entry size: 512
 Card Set container configuration: InlinePtr #cards 4 size 8 Array Of Cards #cards 32 size 80 Howl #buckets 8 coarsen threshold 7372 Howl Bitmap #cards 1024 size 144 coarsen threshold 921 Card regions per heap region 1 cards per card region 8192
 CPUs: 20 total, 20 available
 Memory: 31781M
 Large Page Support: Disabled
 NUMA Support: Disabled
 Compressed Oops: Enabled (Zero based)
 Heap Region Size: 4M
 Heap Min Capacity: 8M
 Heap Initial Capacity: 500M
 Heap Max Capacity: 7948M
 Pre-touch: Disabled
 Parallel Workers: 15
 Concurrent Workers: 4
 Concurrent Refinement Workers: 15
 Periodic GC: Disabled
Heap:
 garbage-first heap   total 57344K, used 28166K [0x000000060f400000, 0x0000000800000000)
  region size 4096K, 5 young (20480K), 1 survivors (4096K)
 Metaspace       used 12849K, committed 13056K, reserved 1114112K
  class space    used 1409K, committed 1472K, reserved 1048576K
GC Heap History (20 events):
Event: 0.368 GC heap before
{Heap before GC invocations=3 (full 2):
 garbage-first heap   total 16384K, used 8480K [0x000000060f400000, 0x0000000800000000)
  region size 4096K, 2 young (8192K), 1 survivors (4096K)
 Metaspace       used 2152K, committed 2304K, reserved 1114112K
  class space    used 184K, committed 256K, reserved 1048576K
}
Event: 0.371 GC heap after
{Heap after GC invocations=4 (full 2):
 garbage-first heap   total 16384K, used 4473K [0x000000060f400000, 0x0000000800000000)
  region size 4096K, 1 young (4096K), 1 survivors (4096K)
 Metaspace       used 2152K, committed 2304K, reserved 1114112K
  class space    used 184K, committed 256K, reserved 1048576K
}
Event: 0.380 GC heap before
{Heap before GC invocations=4 (full 2):
 garbage-first heap   total 16384K, used 8569K [0x000000060f400000, 0x0000000800000000)
  region size 4096K, 2 young (8192K), 1 survivors (4096K)
 Metaspace       used 2155K, committed 2304K, reserved 1114112K
  class space    used 184K, committed 256K, reserved 1048576K
}
Event: 0.383 GC heap after
{Heap after GC invocations=5 (full 2):
 garbage-first heap   total 16384K, used 4798K [0x000000060f400000, 0x0000000800000000)
  region size 4096K, 1 young (4096K), 1 survivors (4096K)
 Metaspace       used 2155K, committed 2304K, reserved 1114112K
  class space    used 184K, committed 256K, reserved 1048576K
}
Event: 0.392 GC heap before
{Heap before GC invocations=5 (full 2):
 garbage-first heap   total 16384K, used 8894K [0x000000060f400000, 0x0000000800000000)
  region size 4096K, 2 young (8192K), 1 survivors (4096K)
 Metaspace       used 2159K, committed 2304K, reserved 1114112K
  class space    used 184K, committed 256K, reserved 1048576K
}
Event: 0.396 GC heap after
{Heap after GC invocations=6 (full 2):
 garbage-first heap   total 266240K, used 5294K [0x000000060f400000, 0x0000000800000000)
  region size 4096K, 1 young (4096K), 1 survivors (4096K)
 Metaspace       used 2159K, committed 2304K, reserved 1114112K
  class space    used 184K, committed 256K, reserved 1048576K
}
Event: 0.543 GC heap before
{Heap before GC invocations=6 (full 2):
 garbage-first heap   total 266240K, used 29870K [0x000000060f400000, 0x0000000800000000)
  region size 4096K, 8 young (32768K), 1 survivors (4096K)
 Metaspace       used 2837K, committed 3072K, reserved 1114112K
  class space    used 253K, committed 384K, reserved 1048576K
}
Event: 0.563 GC heap after
{Heap after GC invocations=7 (full 3):
 garbage-first heap   total 81920K, used 8057K [0x000000060f400000, 0x0000000800000000)
  region size 4096K, 0 young (0K), 0 survivors (0K)
 Metaspace       used 2837K, committed 3072K, reserved 1114112K
  class space    used 253K, committed 384K, reserved 1048576K
}
Event: 0.642 GC heap before
{Heap before GC invocations=7 (full 3):
 garbage-first heap   total 81920K, used 12153K [0x000000060f400000, 0x0000000800000000)
  region size 4096K, 2 young (8192K), 0 survivors (0K)
 Metaspace       used 2922K, committed 3136K, reserved 1114112K
  class space    used 264K, committed 384K, reserved 1048576K
}
Event: 0.668 GC heap after
{Heap after GC invocations=8 (full 4):
 garbage-first heap   total 57344K, used 11832K [0x000000060f400000, 0x0000000800000000)
  region size 4096K, 0 young (0K), 0 survivors (0K)
 Metaspace       used 2922K, committed 3136K, reserved 1114112K
  class space    used 264K, committed 384K, reserved 1048576K
}
Event: 0.892 GC heap before
{Heap before GC invocations=8 (full 4):
 garbage-first heap   total 57344K, used 20024K [0x000000060f400000, 0x0000000800000000)
  region size 4096K, 3 young (12288K), 0 survivors (0K)
 Metaspace       used 4420K, committed 4608K, reserved 1114112K
  class space    used 427K, committed 512K, reserved 1048576K
}
Event: 0.934 GC heap after
{Heap after GC invocations=9 (full 5):
 garbage-first heap   total 57344K, used 12935K [0x000000060f400000, 0x0000000800000000)
  region size 4096K, 0 young (0K), 0 survivors (0K)
 Metaspace       used 4420K, committed 4608K, reserved 1114112K
  class space    used 427K, committed 512K, reserved 1048576K
}
Event: 0.952 GC heap before
{Heap before GC invocations=9 (full 5):
 garbage-first heap   total 57344K, used 12935K [0x000000060f400000, 0x0000000800000000)
  region size 4096K, 1 young (4096K), 0 survivors (0K)
 Metaspace       used 4424K, committed 4608K, reserved 1114112K
  class space    used 429K, committed 512K, reserved 1048576K
}
Event: 0.987 GC heap after
{Heap after GC invocations=10 (full 6):
 garbage-first heap   total 57344K, used 12936K [0x000000060f400000, 0x0000000800000000)
  region size 4096K, 0 young (0K), 0 survivors (0K)
 Metaspace       used 4424K, committed 4608K, reserved 1114112K
  class space    used 429K, committed 512K, reserved 1048576K
}
Event: 1.008 GC heap before
{Heap before GC invocations=10 (full 6):
 garbage-first heap   total 57344K, used 12936K [0x000000060f400000, 0x0000000800000000)
  region size 4096K, 1 young (4096K), 0 survivors (0K)
 Metaspace       used 4502K, committed 4672K, reserved 1114112K
  class space    used 444K, committed 512K, reserved 1048576K
}
Event: 1.046 GC heap after
{Heap after GC invocations=11 (full 7):
 garbage-first heap   total 57344K, used 12957K [0x000000060f400000, 0x0000000800000000)
  region size 4096K, 0 young (0K), 0 survivors (0K)
 Metaspace       used 4502K, committed 4672K, reserved 1114112K
  class space    used 444K, committed 512K, reserved 1048576K
}
Event: 6.893 GC heap before
{Heap before GC invocations=11 (full 7):
 garbage-first heap   total 57344K, used 37533K [0x000000060f400000, 0x0000000800000000)
  region size 4096K, 6 young (24576K), 0 survivors (0K)
 Metaspace       used 12607K, committed 12800K, reserved 1114112K
  class space    used 1390K, committed 1472K, reserved 1048576K
}
Event: 6.904 GC heap after
{Heap after GC invocations=12 (full 7):
 garbage-first heap   total 57344K, used 15461K [0x000000060f400000, 0x0000000800000000)
  region size 4096K, 1 young (4096K), 1 survivors (4096K)
 Metaspace       used 12607K, committed 12800K, reserved 1114112K
  class space    used 1390K, committed 1472K, reserved 1048576K
}
Event: 45.400 GC heap before
{Heap before GC invocations=12 (full 7):
 garbage-first heap   total 57344K, used 35941K [0x000000060f400000, 0x0000000800000000)
  region size 4096K, 6 young (24576K), 1 survivors (4096K)
 Metaspace       used 12791K, committed 12992K, reserved 1114112K
  class space    used 1399K, committed 1472K, reserved 1048576K
}
Event: 45.407 GC heap after
{Heap after GC invocations=13 (full 7):
 garbage-first heap   total 57344K, used 15878K [0x000000060f400000, 0x0000000800000000)
  region size 4096K, 1 young (4096K), 1 survivors (4096K)
 Metaspace       used 12791K, committed 12992K, reserved 1114112K
  class space    used 1399K, committed 1472K, reserved 1048576K
}

