# JRE version: OpenJDK Runtime Environment (21.0.9+10) (build 21.0.9+10-Ubuntu-124.04)
# Java VM: OpenJDK 64-Bit Server VM (21.0.9+10-Ubuntu-124.04, mixed mode, sharing, tiered, compressed oops, compressed class ptrs, g1 gc, linux-amd64)
GC Precious Log:
 CardTable entry size: 512
 Card Set container configuration: InlinePtr #cards 4 size 8 Array Of Cards #cards 32 size 80 Howl #buckets 8 coarsen threshold 7372 Howl Bitmap #cards 1024 size 144 coarsen threshold 921 Card regions per heap region 1 cards per card region 8192
 CPUs: 20 total, 20 available
 Memory: 31781M
 Large Page Support: Disabled
 NUMA Support: Disabled
 Compressed Oops: Enabled (Zero based)
 Heap Region Size: 4M
 Heap Min Capacity: 8M
 Heap Initial Capacity: 500M
 Heap Max Capacity: 7948M
 Pre-touch: Disabled
 Parallel Workers: 15
 Concurrent Workers: 4
 Concurrent Refinement Workers: 15
 Periodic GC: Disabled
Heap:
 garbage-first heap   total 57344K, used 36591K [0x000000060f400000, 0x0000000800000000)
  region size 4096K, 7 young (28672K), 1 survivors (4096K)
 Metaspace       used 12906K, committed 13120K, reserved 1114112K
  class space    used 1416K, committed 1536K, reserved 1048576K
GC Heap History (20 events):
Event: 0.373 GC heap before
{Heap before GC invocations=3 (full 2):
 garbage-first heap   total 16384K, used 8240K [0x000000060f400000, 0x0000000800000000)
  region size 4096K, 2 young (8192K), 1 survivors (4096K)
 Metaspace       used 2147K, committed 2304K, reserved 1114112K
  class space    used 184K, committed 256K, reserved 1048576K
}
Event: 0.376 GC heap after
{Heap after GC invocations=4 (full 2):
 garbage-first heap   total 16384K, used 4473K [0x000000060f400000, 0x0000000800000000)
  region size 4096K, 1 young (4096K), 1 survivors (4096K)
 Metaspace       used 2147K, committed 2304K, reserved 1114112K
  class space    used 184K, committed 256K, reserved 1048576K
}
Event: 0.385 GC heap before
{Heap before GC invocations=4 (full 2):
 garbage-first heap   total 16384K, used 8569K [0x000000060f400000, 0x0000000800000000)
  region size 4096K, 2 young (8192K), 1 survivors (4096K)
 Metaspace       used 2150K, committed 2304K, reserved 1114112K
  class space    used 184K, committed 256K, reserved 1048576K
}
Event: 0.388 GC heap after
{Heap after GC invocations=5 (full 2):
 garbage-first heap   total 16384K, used 4863K [0x000000060f400000, 0x0000000800000000)
  region size 4096K, 1 young (4096K), 1 survivors (4096K)
 Metaspace       used 2150K, committed 2304K, reserved 1114112K
  class space    used 184K, committed 256K, reserved 1048576K
}
Event: 0.399 GC heap before
{Heap before GC invocations=5 (full 2):
 garbage-first heap   total 16384K, used 8959K [0x000000060f400000, 0x0000000800000000)
  region size 4096K, 2 young (8192K), 1 survivors (4096K)
 Metaspace       used 2154K, committed 2304K, reserved 1114112K
  class space    used 184K, committed 256K, reserved 1048576K
}
Event: 0.403 GC heap after
{Heap after GC invocations=6 (full 2):
 garbage-first heap   total 266240K, used 5198K [0x000000060f400000, 0x0000000800000000)
  region size 4096K, 1 young (4096K), 1 survivors (4096K)
 Metaspace       used 2154K, committed 2304K, reserved 1114112K
  class space    used 184K, committed 256K, reserved 1048576K
}
Event: 0.597 GC heap before
{Heap before GC invocations=6 (full 2):
 garbage-first heap   total 266240K, used 29774K [0x000000060f400000, 0x0000000800000000)
  region size 4096K, 8 young (32768K), 1 survivors (4096K)
 Metaspace       used 2836K, committed 3072K, reserved 1114112K
  class space    used 253K, committed 384K, reserved 1048576K
}
Event: 0.619 GC heap after
{Heap after GC invocations=7 (full 3):
 garbage-first heap   total 81920K, used 8057K [0x000000060f400000, 0x0000000800000000)
  region size 4096K, 0 young (0K), 0 survivors (0K)
 Metaspace       used 2836K, committed 3072K, reserved 1114112K
  class space    used 253K, committed 384K, reserved 1048576K
}
Event: 0.935 GC heap before
{Heap before GC invocations=7 (full 3):
 garbage-first heap   total 81920K, used 20345K [0x000000060f400000, 0x0000000800000000)
  region size 4096K, 4 young (16384K), 0 survivors (0K)
 Metaspace       used 4416K, committed 4608K, reserved 1114112K
  class space    used 428K, committed 512K, reserved 1048576K
}
Event: 0.968 GC heap after
{Heap after GC invocations=8 (full 4):
 garbage-first heap   total 57344K, used 12933K [0x000000060f400000, 0x0000000800000000)
  region size 4096K, 0 young (0K), 0 survivors (0K)
 Metaspace       used 4416K, committed 4608K, reserved 1114112K
  class space    used 428K, committed 512K, reserved 1048576K
}
Event: 0.989 GC heap before
{Heap before GC invocations=8 (full 4):
 garbage-first heap   total 57344K, used 12933K [0x000000060f400000, 0x0000000800000000)
  region size 4096K, 1 young (4096K), 0 survivors (0K)
 Metaspace       used 4420K, committed 4608K, reserved 1114112K
  class space    used 430K, committed 512K, reserved 1048576K
}
Event: 1.034 GC heap after
{Heap after GC invocations=9 (full 5):
 garbage-first heap   total 57344K, used 12934K [0x000000060f400000, 0x0000000800000000)
  region size 4096K, 0 young (0K), 0 survivors (0K)
 Metaspace       used 4420K, committed 4608K, reserved 1114112K
  class space    used 430K, committed 512K, reserved 1048576K
}
Event: 1.056 GC heap before
{Heap before GC invocations=9 (full 5):
 garbage-first heap   total 57344K, used 12934K [0x000000060f400000, 0x0000000800000000)
  region size 4096K, 1 young (4096K), 0 survivors (0K)
 Metaspace       used 4498K, committed 4672K, reserved 1114112K
  class space    used 444K, committed 512K, reserved 1048576K
}
Event: 1.093 GC heap after
{Heap after GC invocations=10 (full 6):
 garbage-first heap   total 57344K, used 12959K [0x000000060f400000, 0x0000000800000000)
  region size 4096K, 0 young (0K), 0 survivors (0K)
 Metaspace       used 4498K, committed 4672K, reserved 1114112K
  class space    used 444K, committed 512K, reserved 1048576K
}
Event: 2.757 GC heap before
{Heap before GC invocations=10 (full 6):
 garbage-first heap   total 57344K, used 37535K [0x000000060f400000, 0x0000000800000000)
  region size 4096K, 6 young (24576K), 0 survivors (0K)
 Metaspace       used 12394K, committed 12608K, reserved 1114112K
  class space    used 1391K, committed 1472K, reserved 1048576K
}
Event: 2.767 GC heap after
{Heap after GC invocations=11 (full 6):
 garbage-first heap   total 57344K, used 15597K [0x000000060f400000, 0x0000000800000000)
  region size 4096K, 1 young (4096K), 1 survivors (4096K)
 Metaspace       used 12394K, committed 12608K, reserved 1114112K
  class space    used 1391K, committed 1472K, reserved 1048576K
}
Event: 7.547 GC heap before
{Heap before GC invocations=11 (full 6):
 garbage-first heap   total 57344K, used 31981K [0x000000060f400000, 0x0000000800000000)
  region size 4096K, 6 young (24576K), 1 survivors (4096K)
 Metaspace       used 12710K, committed 12928K, reserved 1114112K
  class space    used 1391K, committed 1472K, reserved 1048576K
}
Event: 7.553 GC heap after
{Heap after GC invocations=12 (full 6):
 garbage-first heap   total 57344K, used 16208K [0x000000060f400000, 0x0000000800000000)
  region size 4096K, 1 young (4096K), 1 survivors (4096K)
 Metaspace       used 12710K, committed 12928K, reserved 1114112K
  class space    used 1391K, committed 1472K, reserved 1048576K
}
Event: 12.587 GC heap before
{Heap before GC invocations=12 (full 6):
 garbage-first heap   total 57344K, used 36688K [0x000000060f400000, 0x0000000800000000)
  region size 4096K, 6 young (24576K), 1 survivors (4096K)
 Metaspace       used 12845K, committed 13056K, reserved 1114112K
  class space    used 1406K, committed 1472K, reserved 1048576K
}
Event: 12.590 GC heap after
{Heap after GC invocations=13 (full 6):
 garbage-first heap   total 57344K, used 16111K [0x000000060f400000, 0x0000000800000000)
  region size 4096K, 1 young (4096K), 1 survivors (4096K)
 Metaspace       used 12845K, committed 13056K, reserved 1114112K
  class space    used 1406K, committed 1472K, reserved 1048576K
}

