# JRE version: OpenJDK Runtime Environment (21.0.9+10) (build 21.0.9+10-Ubuntu-124.04)
# Java VM: OpenJDK 64-Bit Server VM (21.0.9+10-Ubuntu-124.04, mixed mode, sharing, tiered, compressed oops, compressed class ptrs, g1 gc, linux-amd64)
GC Precious Log:
 CardTable entry size: 512
 Card Set container configuration: InlinePtr #cards 4 size 8 Array Of Cards #cards 32 size 80 Howl #buckets 8 coarsen threshold 7372 Howl Bitmap #cards 1024 size 144 coarsen threshold 921 Card regions per heap region 1 cards per card region 8192
 CPUs: 20 total, 20 available
 Memory: 31781M
 Large Page Support: Disabled
 NUMA Support: Disabled
 Compressed Oops: Enabled (Zero based)
 Heap Region Size: 4M
 Heap Min Capacity: 8M
 Heap Initial Capacity: 500M
 Heap Max Capacity: 7948M
 Pre-touch: Disabled
 Parallel Workers: 15
 Concurrent Workers: 4
 Concurrent Refinement Workers: 15
 Periodic GC: Disabled
Heap:
 garbage-first heap   total 57344K, used 27821K [0x000000060f400000, 0x0000000800000000)
  region size 4096K, 5 young (20480K), 1 survivors (4096K)
 Metaspace       used 12685K, committed 12864K, reserved 1114112K
  class space    used 1410K, committed 1472K, reserved 1048576K
GC Heap History (20 events):
Event: 0.392 GC heap before
{Heap before GC invocations=2 (full 2):
 garbage-first heap   total 16384K, used 7810K [0x000000060f400000, 0x0000000800000000)
  region size 4096K, 1 young (4096K), 0 survivors (0K)
 Metaspace       used 2137K, committed 2304K, reserved 1114112K
  class space    used 184K, committed 256K, reserved 1048576K
}
Event: 0.394 GC heap after
{Heap after GC invocations=3 (full 2):
 garbage-first heap   total 16384K, used 4434K [0x000000060f400000, 0x0000000800000000)
  region size 4096K, 1 young (4096K), 1 survivors (4096K)
 Metaspace       used 2137K, committed 2304K, reserved 1114112K
  class space    used 184K, committed 256K, reserved 1048576K
}
Event: 0.408 GC heap before
{Heap before GC invocations=3 (full 2):
 garbage-first heap   total 16384K, used 8530K [0x000000060f400000, 0x0000000800000000)
  region size 4096K, 2 young (8192K), 1 survivors (4096K)
 Metaspace       used 2146K, committed 2304K, reserved 1114112K
  class space    used 184K, committed 256K, reserved 1048576K
}
Event: 0.410 GC heap after
{Heap after GC invocations=4 (full 2):
 garbage-first heap   total 16384K, used 4501K [0x000000060f400000, 0x0000000800000000)
  region size 4096K, 1 young (4096K), 1 survivors (4096K)
 Metaspace       used 2146K, committed 2304K, reserved 1114112K
  class space    used 184K, committed 256K, reserved 1048576K
}
Event: 0.422 GC heap before
{Heap before GC invocations=4 (full 2):
 garbage-first heap   total 16384K, used 8597K [0x000000060f400000, 0x0000000800000000)
  region size 4096K, 2 young (8192K), 1 survivors (4096K)
 Metaspace       used 2148K, committed 2304K, reserved 1114112K
  class space    used 184K, committed 256K, reserved 1048576K
}
Event: 0.424 GC heap after
{Heap after GC invocations=5 (full 2):
 garbage-first heap   total 16384K, used 4949K [0x000000060f400000, 0x0000000800000000)
  region size 4096K, 1 young (4096K), 1 survivors (4096K)
 Metaspace       used 2148K, committed 2304K, reserved 1114112K
  class space    used 184K, committed 256K, reserved 1048576K
}
Event: 0.434 GC heap before
{Heap before GC invocations=5 (full 2):
 garbage-first heap   total 16384K, used 9045K [0x000000060f400000, 0x0000000800000000)
  region size 4096K, 2 young (8192K), 1 survivors (4096K)
 Metaspace       used 2153K, committed 2304K, reserved 1114112K
  class space    used 184K, committed 256K, reserved 1048576K
}
Event: 0.438 GC heap after
{Heap after GC invocations=6 (full 2):
 garbage-first heap   total 266240K, used 5330K [0x000000060f400000, 0x0000000800000000)
  region size 4096K, 1 young (4096K), 1 survivors (4096K)
 Metaspace       used 2153K, committed 2304K, reserved 1114112K
  class space    used 184K, committed 256K, reserved 1048576K
}
Event: 0.635 GC heap before
{Heap before GC invocations=6 (full 2):
 garbage-first heap   total 266240K, used 29906K [0x000000060f400000, 0x0000000800000000)
  region size 4096K, 8 young (32768K), 1 survivors (4096K)
 Metaspace       used 2833K, committed 3072K, reserved 1114112K
  class space    used 253K, committed 384K, reserved 1048576K
}
Event: 0.656 GC heap after
{Heap after GC invocations=7 (full 3):
 garbage-first heap   total 98304K, used 8057K [0x000000060f400000, 0x0000000800000000)
  region size 4096K, 0 young (0K), 0 survivors (0K)
 Metaspace       used 2833K, committed 3072K, reserved 1114112K
  class space    used 253K, committed 384K, reserved 1048576K
}
Event: 0.733 GC heap before
{Heap before GC invocations=7 (full 3):
 garbage-first heap   total 98304K, used 12153K [0x000000060f400000, 0x0000000800000000)
  region size 4096K, 2 young (8192K), 0 survivors (0K)
 Metaspace       used 2917K, committed 3136K, reserved 1114112K
  class space    used 264K, committed 384K, reserved 1048576K
}
Event: 0.759 GC heap after
{Heap after GC invocations=8 (full 4):
 garbage-first heap   total 57344K, used 11832K [0x000000060f400000, 0x0000000800000000)
  region size 4096K, 0 young (0K), 0 survivors (0K)
 Metaspace       used 2917K, committed 3136K, reserved 1114112K
  class space    used 264K, committed 384K, reserved 1048576K
}
Event: 1.002 GC heap before
{Heap before GC invocations=8 (full 4):
 garbage-first heap   total 57344K, used 20024K [0x000000060f400000, 0x0000000800000000)
  region size 4096K, 3 young (12288K), 0 survivors (0K)
 Metaspace       used 4414K, committed 4608K, reserved 1114112K
  class space    used 428K, committed 512K, reserved 1048576K
}
Event: 1.038 GC heap after
{Heap after GC invocations=9 (full 5):
 garbage-first heap   total 57344K, used 12937K [0x000000060f400000, 0x0000000800000000)
  region size 4096K, 0 young (0K), 0 survivors (0K)
 Metaspace       used 4414K, committed 4608K, reserved 1114112K
  class space    used 428K, committed 512K, reserved 1048576K
}
Event: 7.982 GC heap before
{Heap before GC invocations=9 (full 5):
 garbage-first heap   total 57344K, used 37513K [0x000000060f400000, 0x0000000800000000)
  region size 4096K, 6 young (24576K), 0 survivors (0K)
 Metaspace       used 12270K, committed 12480K, reserved 1114112K
  class space    used 1382K, committed 1472K, reserved 1048576K
}
Event: 7.989 GC heap after
{Heap after GC invocations=10 (full 5):
 garbage-first heap   total 57344K, used 15397K [0x000000060f400000, 0x0000000800000000)
  region size 4096K, 1 young (4096K), 1 survivors (4096K)
 Metaspace       used 12270K, committed 12480K, reserved 1114112K
  class space    used 1382K, committed 1472K, reserved 1048576K
}
Event: 37.478 GC heap before
{Heap before GC invocations=10 (full 5):
 garbage-first heap   total 57344K, used 35877K [0x000000060f400000, 0x0000000800000000)
  region size 4096K, 6 young (24576K), 1 survivors (4096K)
 Metaspace       used 12586K, committed 12736K, reserved 1114112K
  class space    used 1397K, committed 1472K, reserved 1048576K
}
Event: 37.483 GC heap after
{Heap after GC invocations=11 (full 5):
 garbage-first heap   total 57344K, used 15755K [0x000000060f400000, 0x0000000800000000)
  region size 4096K, 1 young (4096K), 1 survivors (4096K)
 Metaspace       used 12586K, committed 12736K, reserved 1114112K
  class space    used 1397K, committed 1472K, reserved 1048576K
}
Event: 77.970 GC heap before
{Heap before GC invocations=11 (full 5):
 garbage-first heap   total 57344K, used 36235K [0x000000060f400000, 0x0000000800000000)
  region size 4096K, 6 young (24576K), 1 survivors (4096K)
 Metaspace       used 12631K, committed 12800K, reserved 1114112K
  class space    used 1401K, committed 1472K, reserved 1048576K
}
Event: 77.974 GC heap after
{Heap after GC invocations=12 (full 5):
 garbage-first heap   total 57344K, used 15533K [0x000000060f400000, 0x0000000800000000)
  region size 4096K, 1 young (4096K), 1 survivors (4096K)
 Metaspace       used 12631K, committed 12800K, reserved 1114112K
  class space    used 1401K, committed 1472K, reserved 1048576K
}

