# JRE version: OpenJDK Runtime Environment (21.0.9+10) (build 21.0.9+10-Ubuntu-124.04)
# Java VM: OpenJDK 64-Bit Server VM (21.0.9+10-Ubuntu-124.04, mixed mode, sharing, tiered, compressed oops, compressed class ptrs, g1 gc, linux-amd64)
GC Precious Log:
 CardTable entry size: 512
 Card Set container configuration: InlinePtr #cards 4 size 8 Array Of Cards #cards 32 size 80 Howl #buckets 8 coarsen threshold 7372 Howl Bitmap #cards 1024 size 144 coarsen threshold 921 Card regions per heap region 1 cards per card region 8192
 CPUs: 20 total, 20 available
 Memory: 31781M
 Large Page Support: Disabled
 NUMA Support: Disabled
 Compressed Oops: Enabled (Zero based)
 Heap Region Size: 4M
 Heap Min Capacity: 8M
 Heap Initial Capacity: 500M
 Heap Max Capacity: 7948M
 Pre-touch: Disabled
 Parallel Workers: 15
 Concurrent Workers: 4
 Concurrent Refinement Workers: 15
 Periodic GC: Disabled
Heap:
 garbage-first heap   total 57344K, used 32596K [0x000000060f400000, 0x0000000800000000)
  region size 4096K, 6 young (24576K), 1 survivors (4096K)
 Metaspace       used 12872K, committed 13120K, reserved 1114112K
  class space    used 1406K, committed 1536K, reserved 1048576K
GC Heap History (20 events):
Event: 0.492 GC heap before
{Heap before GC invocations=2 (full 2):
 garbage-first heap   total 16384K, used 7760K [0x000000060f400000, 0x0000000800000000)
  region size 4096K, 1 young (4096K), 0 survivors (0K)
 Metaspace       used 2140K, committed 2304K, reserved 1114112K
  class space    used 184K, committed 256K, reserved 1048576K
}
Event: 0.494 GC heap after
{Heap after GC invocations=3 (full 2):
 garbage-first heap   total 16384K, used 4384K [0x000000060f400000, 0x0000000800000000)
  region size 4096K, 1 young (4096K), 1 survivors (4096K)
 Metaspace       used 2140K, committed 2304K, reserved 1114112K
  class space    used 184K, committed 256K, reserved 1048576K
}
Event: 0.508 GC heap before
{Heap before GC invocations=3 (full 2):
 garbage-first heap   total 16384K, used 8480K [0x000000060f400000, 0x0000000800000000)
  region size 4096K, 2 young (8192K), 1 survivors (4096K)
 Metaspace       used 2150K, committed 2304K, reserved 1114112K
  class space    used 184K, committed 256K, reserved 1048576K
}
Event: 0.511 GC heap after
{Heap after GC invocations=4 (full 2):
 garbage-first heap   total 16384K, used 4430K [0x000000060f400000, 0x0000000800000000)
  region size 4096K, 1 young (4096K), 1 survivors (4096K)
 Metaspace       used 2150K, committed 2304K, reserved 1114112K
  class space    used 184K, committed 256K, reserved 1048576K
}
Event: 0.525 GC heap before
{Heap before GC invocations=4 (full 2):
 garbage-first heap   total 16384K, used 8526K [0x000000060f400000, 0x0000000800000000)
  region size 4096K, 2 young (8192K), 1 survivors (4096K)
 Metaspace       used 2153K, committed 2304K, reserved 1114112K
  class space    used 184K, committed 256K, reserved 1048576K
}
Event: 0.528 GC heap after
{Heap after GC invocations=5 (full 2):
 garbage-first heap   total 16384K, used 4927K [0x000000060f400000, 0x0000000800000000)
  region size 4096K, 1 young (4096K), 1 survivors (4096K)
 Metaspace       used 2153K, committed 2304K, reserved 1114112K
  class space    used 184K, committed 256K, reserved 1048576K
}
Event: 0.545 GC heap before
{Heap before GC invocations=5 (full 2):
 garbage-first heap   total 16384K, used 9023K [0x000000060f400000, 0x0000000800000000)
  region size 4096K, 2 young (8192K), 1 survivors (4096K)
 Metaspace       used 2158K, committed 2304K, reserved 1114112K
  class space    used 184K, committed 256K, reserved 1048576K
}
Event: 0.550 GC heap after
{Heap after GC invocations=6 (full 2):
 garbage-first heap   total 266240K, used 5294K [0x000000060f400000, 0x0000000800000000)
  region size 4096K, 1 young (4096K), 1 survivors (4096K)
 Metaspace       used 2158K, committed 2304K, reserved 1114112K
  class space    used 184K, committed 256K, reserved 1048576K
}
Event: 0.779 GC heap before
{Heap before GC invocations=6 (full 2):
 garbage-first heap   total 266240K, used 29870K [0x000000060f400000, 0x0000000800000000)
  region size 4096K, 8 young (32768K), 1 survivors (4096K)
 Metaspace       used 2834K, committed 3072K, reserved 1114112K
  class space    used 253K, committed 384K, reserved 1048576K
}
Event: 0.808 GC heap after
{Heap after GC invocations=7 (full 3):
 garbage-first heap   total 81920K, used 8057K [0x000000060f400000, 0x0000000800000000)
  region size 4096K, 0 young (0K), 0 survivors (0K)
 Metaspace       used 2834K, committed 3072K, reserved 1114112K
  class space    used 253K, committed 384K, reserved 1048576K
}
Event: 1.236 GC heap before
{Heap before GC invocations=7 (full 3):
 garbage-first heap   total 81920K, used 20345K [0x000000060f400000, 0x0000000800000000)
  region size 4096K, 4 young (16384K), 0 survivors (0K)
 Metaspace       used 4426K, committed 4608K, reserved 1114112K
  class space    used 428K, committed 512K, reserved 1048576K
}
Event: 1.276 GC heap after
{Heap after GC invocations=8 (full 4):
 garbage-first heap   total 57344K, used 12934K [0x000000060f400000, 0x0000000800000000)
  region size 4096K, 0 young (0K), 0 survivors (0K)
 Metaspace       used 4426K, committed 4608K, reserved 1114112K
  class space    used 428K, committed 512K, reserved 1048576K
}
Event: 1.305 GC heap before
{Heap before GC invocations=8 (full 4):
 garbage-first heap   total 57344K, used 12934K [0x000000060f400000, 0x0000000800000000)
  region size 4096K, 1 young (4096K), 0 survivors (0K)
 Metaspace       used 4430K, committed 4608K, reserved 1114112K
  class space    used 430K, committed 512K, reserved 1048576K
}
Event: 1.380 GC heap after
{Heap after GC invocations=9 (full 5):
 garbage-first heap   total 57344K, used 12935K [0x000000060f400000, 0x0000000800000000)
  region size 4096K, 0 young (0K), 0 survivors (0K)
 Metaspace       used 4430K, committed 4608K, reserved 1114112K
  class space    used 430K, committed 512K, reserved 1048576K
}
Event: 1.439 GC heap before
{Heap before GC invocations=9 (full 5):
 garbage-first heap   total 57344K, used 12935K [0x000000060f400000, 0x0000000800000000)
  region size 4096K, 1 young (4096K), 0 survivors (0K)
 Metaspace       used 4510K, committed 4672K, reserved 1114112K
  class space    used 444K, committed 512K, reserved 1048576K
}
Event: 1.501 GC heap after
{Heap after GC invocations=10 (full 6):
 garbage-first heap   total 57344K, used 12959K [0x000000060f400000, 0x0000000800000000)
  region size 4096K, 0 young (0K), 0 survivors (0K)
 Metaspace       used 4510K, committed 4672K, reserved 1114112K
  class space    used 444K, committed 512K, reserved 1048576K
}
Event: 4.429 GC heap before
{Heap before GC invocations=10 (full 6):
 garbage-first heap   total 57344K, used 37535K [0x000000060f400000, 0x0000000800000000)
  region size 4096K, 6 young (24576K), 0 survivors (0K)
 Metaspace       used 12470K, committed 12672K, reserved 1114112K
  class space    used 1391K, committed 1472K, reserved 1048576K
}
Event: 4.437 GC heap after
{Heap after GC invocations=11 (full 6):
 garbage-first heap   total 57344K, used 15868K [0x000000060f400000, 0x0000000800000000)
  region size 4096K, 1 young (4096K), 1 survivors (4096K)
 Metaspace       used 12470K, committed 12672K, reserved 1114112K
  class space    used 1391K, committed 1472K, reserved 1048576K
}
Event: 13.058 GC heap before
{Heap before GC invocations=11 (full 6):
 garbage-first heap   total 57344K, used 36348K [0x000000060f400000, 0x0000000800000000)
  region size 4096K, 6 young (24576K), 1 survivors (4096K)
 Metaspace       used 12792K, committed 12992K, reserved 1114112K
  class space    used 1396K, committed 1472K, reserved 1048576K
}
Event: 13.064 GC heap after
{Heap after GC invocations=12 (full 6):
 garbage-first heap   total 57344K, used 16212K [0x000000060f400000, 0x0000000800000000)
  region size 4096K, 1 young (4096K), 1 survivors (4096K)
 Metaspace       used 12792K, committed 12992K, reserved 1114112K
  class space    used 1396K, committed 1472K, reserved 1048576K
}

