# JRE version: OpenJDK Runtime Environment (21.0.9+10) (build 21.0.9+10-Ubuntu-124.04)
# Java VM: OpenJDK 64-Bit Server VM (21.0.9+10-Ubuntu-124.04, mixed mode, sharing, tiered, compressed oops, compressed class ptrs, g1 gc, linux-amd64)
GC Precious Log:
 CardTable entry size: 512
 Card Set container configuration: InlinePtr #cards 4 size 8 Array Of Cards #cards 32 size 80 Howl #buckets 8 coarsen threshold 7372 Howl Bitmap #cards 1024 size 144 coarsen threshold 921 Card regions per heap region 1 cards per card region 8192
 CPUs: 20 total, 20 available
 Memory: 31781M
 Large Page Support: Disabled
 NUMA Support: Disabled
 Compressed Oops: Enabled (Zero based)
 Heap Region Size: 4M
 Heap Min Capacity: 8M
 Heap Initial Capacity: 500M
 Heap Max Capacity: 7948M
 Pre-touch: Disabled
 Parallel Workers: 15
 Concurrent Workers: 4
 Concurrent Refinement Workers: 15
 Periodic GC: Disabled
Heap:
 garbage-first heap   total 57344K, used 27836K [0x000000060f400000, 0x0000000800000000)
  region size 4096K, 5 young (20480K), 1 survivors (4096K)
 Metaspace       used 12798K, committed 12992K, reserved 1114112K
  class space    used 1412K, committed 1472K, reserved 1048576K
GC Heap History (20 events):
Event: 0.797 GC heap before
{Heap before GC invocations=7 (full 3):
 garbage-first heap   total 81920K, used 12153K [0x000000060f400000, 0x0000000800000000)
  region size 4096K, 2 young (8192K), 0 survivors (0K)
 Metaspace       used 2921K, committed 3136K, reserved 1114112K
  class space    used 264K, committed 384K, reserved 1048576K
}
Event: 0.828 GC heap after
{Heap after GC invocations=8 (full 4):
 garbage-first heap   total 57344K, used 11832K [0x000000060f400000, 0x0000000800000000)
  region size 4096K, 0 young (0K), 0 survivors (0K)
 Metaspace       used 2921K, committed 3136K, reserved 1114112K
  class space    used 264K, committed 384K, reserved 1048576K
}
Event: 1.046 GC heap before
{Heap before GC invocations=8 (full 4):
 garbage-first heap   total 57344K, used 15928K [0x000000060f400000, 0x0000000800000000)
  region size 4096K, 2 young (8192K), 0 survivors (0K)
 Metaspace       used 4417K, committed 4608K, reserved 1114112K
  class space    used 427K, committed 512K, reserved 1048576K
}
Event: 1.089 GC heap after
{Heap after GC invocations=9 (full 5):
 garbage-first heap   total 57344K, used 12937K [0x000000060f400000, 0x0000000800000000)
  region size 4096K, 0 young (0K), 0 survivors (0K)
 Metaspace       used 4417K, committed 4608K, reserved 1114112K
  class space    used 427K, committed 512K, reserved 1048576K
}
Event: 1.108 GC heap before
{Heap before GC invocations=9 (full 5):
 garbage-first heap   total 57344K, used 12937K [0x000000060f400000, 0x0000000800000000)
  region size 4096K, 1 young (4096K), 0 survivors (0K)
 Metaspace       used 4421K, committed 4608K, reserved 1114112K
  class space    used 429K, committed 512K, reserved 1048576K
}
Event: 1.148 GC heap after
{Heap after GC invocations=10 (full 6):
 garbage-first heap   total 57344K, used 12938K [0x000000060f400000, 0x0000000800000000)
  region size 4096K, 0 young (0K), 0 survivors (0K)
 Metaspace       used 4421K, committed 4608K, reserved 1114112K
  class space    used 429K, committed 512K, reserved 1048576K
}
Event: 7.539 GC heap before
{Heap before GC invocations=10 (full 6):
 garbage-first heap   total 57344K, used 37514K [0x000000060f400000, 0x0000000800000000)
  region size 4096K, 6 young (24576K), 0 survivors (0K)
 Metaspace       used 12266K, committed 12480K, reserved 1114112K
  class space    used 1382K, committed 1472K, reserved 1048576K
}
Event: 7.546 GC heap after
{Heap after GC invocations=11 (full 6):
 garbage-first heap   total 57344K, used 15500K [0x000000060f400000, 0x0000000800000000)
  region size 4096K, 1 young (4096K), 1 survivors (4096K)
 Metaspace       used 12266K, committed 12480K, reserved 1114112K
  class space    used 1382K, committed 1472K, reserved 1048576K
}
Event: 40.906 GC heap before
{Heap before GC invocations=11 (full 6):
 garbage-first heap   total 57344K, used 35980K [0x000000060f400000, 0x0000000800000000)
  region size 4096K, 6 young (24576K), 1 survivors (4096K)
 Metaspace       used 12621K, committed 12800K, reserved 1114112K
  class space    used 1401K, committed 1472K, reserved 1048576K
}
Event: 40.911 GC heap after
{Heap after GC invocations=12 (full 6):
 garbage-first heap   total 57344K, used 15754K [0x000000060f400000, 0x0000000800000000)
  region size 4096K, 1 young (4096K), 1 survivors (4096K)
 Metaspace       used 12621K, committed 12800K, reserved 1114112K
  class space    used 1401K, committed 1472K, reserved 1048576K
}
Event: 81.416 GC heap before
{Heap before GC invocations=12 (full 6):
 garbage-first heap   total 57344K, used 36234K [0x000000060f400000, 0x0000000800000000)
  region size 4096K, 6 young (24576K), 1 survivors (4096K)
 Metaspace       used 12631K, committed 12800K, reserved 1114112K
  class space    used 1401K, committed 1472K, reserved 1048576K
}
Event: 81.418 GC heap after
{Heap after GC invocations=13 (full 6):
 garbage-first heap   total 57344K, used 15609K [0x000000060f400000, 0x0000000800000000)
  region size 4096K, 1 young (4096K), 1 survivors (4096K)
 Metaspace       used 12631K, committed 12800K, reserved 1114112K
  class space    used 1401K, committed 1472K, reserved 1048576K
}
Event: 131.106 GC heap before
{Heap before GC invocations=13 (full 6):
 garbage-first heap   total 57344K, used 40185K [0x000000060f400000, 0x0000000800000000)
  region size 4096K, 7 young (28672K), 1 survivors (4096K)
 Metaspace       used 12664K, committed 12864K, reserved 1114112K
  class space    used 1401K, committed 1472K, reserved 1048576K
}
Event: 131.107 GC heap after
{Heap after GC invocations=14 (full 6):
 garbage-first heap   total 57344K, used 15512K [0x000000060f400000, 0x0000000800000000)
  region size 4096K, 1 young (4096K), 1 survivors (4096K)
 Metaspace       used 12664K, committed 12864K, reserved 1114112K
  class space    used 1401K, committed 1472K, reserved 1048576K
}
Event: 180.957 GC heap before
{Heap before GC invocations=14 (full 6):
 garbage-first heap   total 57344K, used 40088K [0x000000060f400000, 0x0000000800000000)
  region size 4096K, 7 young (28672K), 1 survivors (4096K)
 Metaspace       used 12664K, committed 12864K, reserved 1114112K
  class space    used 1401K, committed 1472K, reserved 1048576K
}
Event: 180.959 GC heap after
{Heap after GC invocations=15 (full 6):
 garbage-first heap   total 57344K, used 15531K [0x000000060f400000, 0x0000000800000000)
  region size 4096K, 1 young (4096K), 1 survivors (4096K)
 Metaspace       used 12664K, committed 12864K, reserved 1114112K
  class space    used 1401K, committed 1472K, reserved 1048576K
}
Event: 231.427 GC heap before
{Heap before GC invocations=15 (full 6):
 garbage-first heap   total 57344K, used 40107K [0x000000060f400000, 0x0000000800000000)
  region size 4096K, 7 young (28672K), 1 survivors (4096K)
 Metaspace       used 12694K, committed 12864K, reserved 1114112K
  class space    used 1403K, committed 1472K, reserved 1048576K
}
Event: 231.428 GC heap after
{Heap after GC invocations=16 (full 6):
 garbage-first heap   total 57344K, used 15524K [0x000000060f400000, 0x0000000800000000)
  region size 4096K, 1 young (4096K), 1 survivors (4096K)
 Metaspace       used 12694K, committed 12864K, reserved 1114112K
  class space    used 1403K, committed 1472K, reserved 1048576K
}
Event: 288.995 GC heap before
{Heap before GC invocations=16 (full 6):
 garbage-first heap   total 57344K, used 44196K [0x000000060f400000, 0x0000000800000000)
  region size 4096K, 8 young (32768K), 1 survivors (4096K)
 Metaspace       used 12744K, committed 12928K, reserved 1114112K
  class space    used 1403K, committed 1472K, reserved 1048576K
}
Event: 288.998 GC heap after
{Heap after GC invocations=17 (full 6):
 garbage-first heap   total 57344K, used 15548K [0x000000060f400000, 0x0000000800000000)
  region size 4096K, 1 young (4096K), 1 survivors (4096K)
 Metaspace       used 12744K, committed 12928K, reserved 1114112K
  class space    used 1403K, committed 1472K, reserved 1048576K
}

