# JRE version: OpenJDK Runtime Environment (21.0.9+10) (build 21.0.9+10-Ubuntu-124.04)
# Java VM: OpenJDK 64-Bit Server VM (21.0.9+10-Ubuntu-124.04, mixed mode, sharing, tiered, compressed oops, compressed class ptrs, g1 gc, linux-amd64)
GC Precious Log:
 CardTable entry size: 512
 Card Set container configuration: InlinePtr #cards 4 size 8 Array Of Cards #cards 32 size 80 Howl #buckets 8 coarsen threshold 7372 Howl Bitmap #cards 1024 size 144 coarsen threshold 921 Card regions per heap region 1 cards per card region 8192
 CPUs: 20 total, 20 available
 Memory: 31781M
 Large Page Support: Disabled
 NUMA Support: Disabled
 Compressed Oops: Enabled (Zero based)
 Heap Region Size: 4M
 Heap Min Capacity: 8M
 Heap Initial Capacity: 500M
 Heap Max Capacity: 7948M
 Pre-touch: Disabled
 Parallel Workers: 15
 Concurrent Workers: 4
 Concurrent Refinement Workers: 15
 Periodic GC: Disabled
Heap:
 garbage-first heap   total 57344K, used 15531K [0x000000060f400000, 0x0000000800000000)
  region size 4096K, 2 young (8192K), 1 survivors (4096K)
 Metaspace       used 12610K, committed 12800K, reserved 1114112K
  class space    used 1408K, committed 1472K, reserved 1048576K
GC Heap History (20 events):
Event: 0.495 GC heap before
{Heap before GC invocations=1 (full 1):
 garbage-first heap   total 57344K, used 3695K [0x000000060f400000, 0x0000000800000000)
  region size 4096K, 1 young (4096K), 0 survivors (0K)
 Metaspace       used 1583K, committed 1728K, reserved 1114112K
  class space    used 132K, committed 192K, reserved 1048576K
}
Event: 0.514 GC heap after
{Heap after GC invocations=2 (full 2):
 garbage-first heap   total 16384K, used 3727K [0x000000060f400000, 0x0000000800000000)
  region size 4096K, 0 young (0K), 0 survivors (0K)
 Metaspace       used 1583K, committed 1728K, reserved 1114112K
  class space    used 132K, committed 192K, reserved 1048576K
}
Event: 0.615 GC heap before
{Heap before GC invocations=2 (full 2):
 garbage-first heap   total 16384K, used 7823K [0x000000060f400000, 0x0000000800000000)
  region size 4096K, 1 young (4096K), 0 survivors (0K)
 Metaspace       used 2145K, committed 2304K, reserved 1114112K
  class space    used 184K, committed 256K, reserved 1048576K
}
Event: 0.618 GC heap after
{Heap after GC invocations=3 (full 2):
 garbage-first heap   total 16384K, used 4207K [0x000000060f400000, 0x0000000800000000)
  region size 4096K, 1 young (4096K), 1 survivors (4096K)
 Metaspace       used 2145K, committed 2304K, reserved 1114112K
  class space    used 184K, committed 256K, reserved 1048576K
}
Event: 0.633 GC heap before
{Heap before GC invocations=3 (full 2):
 garbage-first heap   total 16384K, used 8303K [0x000000060f400000, 0x0000000800000000)
  region size 4096K, 2 young (8192K), 1 survivors (4096K)
 Metaspace       used 2153K, committed 2304K, reserved 1114112K
  class space    used 184K, committed 256K, reserved 1048576K
}
Event: 0.635 GC heap after
{Heap after GC invocations=4 (full 2):
 garbage-first heap   total 16384K, used 4461K [0x000000060f400000, 0x0000000800000000)
  region size 4096K, 1 young (4096K), 1 survivors (4096K)
 Metaspace       used 2153K, committed 2304K, reserved 1114112K
  class space    used 184K, committed 256K, reserved 1048576K
}
Event: 0.647 GC heap before
{Heap before GC invocations=4 (full 2):
 garbage-first heap   total 16384K, used 8557K [0x000000060f400000, 0x0000000800000000)
  region size 4096K, 2 young (8192K), 1 survivors (4096K)
 Metaspace       used 2155K, committed 2304K, reserved 1114112K
  class space    used 184K, committed 256K, reserved 1048576K
}
Event: 0.650 GC heap after
{Heap after GC invocations=5 (full 2):
 garbage-first heap   total 16384K, used 4800K [0x000000060f400000, 0x0000000800000000)
  region size 4096K, 1 young (4096K), 1 survivors (4096K)
 Metaspace       used 2155K, committed 2304K, reserved 1114112K
  class space    used 184K, committed 256K, reserved 1048576K
}
Event: 0.662 GC heap before
{Heap before GC invocations=5 (full 2):
 garbage-first heap   total 16384K, used 8896K [0x000000060f400000, 0x0000000800000000)
  region size 4096K, 2 young (8192K), 1 survivors (4096K)
 Metaspace       used 2160K, committed 2304K, reserved 1114112K
  class space    used 184K, committed 256K, reserved 1048576K
}
Event: 0.666 GC heap after
{Heap after GC invocations=6 (full 2):
 garbage-first heap   total 266240K, used 5432K [0x000000060f400000, 0x0000000800000000)
  region size 4096K, 1 young (4096K), 1 survivors (4096K)
 Metaspace       used 2160K, committed 2304K, reserved 1114112K
  class space    used 184K, committed 256K, reserved 1048576K
}
Event: 0.854 GC heap before
{Heap before GC invocations=6 (full 2):
 garbage-first heap   total 266240K, used 25912K [0x000000060f400000, 0x0000000800000000)
  region size 4096K, 8 young (32768K), 1 survivors (4096K)
 Metaspace       used 2836K, committed 3072K, reserved 1114112K
  class space    used 253K, committed 384K, reserved 1048576K
}
Event: 0.879 GC heap after
{Heap after GC invocations=7 (full 3):
 garbage-first heap   total 98304K, used 8057K [0x000000060f400000, 0x0000000800000000)
  region size 4096K, 0 young (0K), 0 survivors (0K)
 Metaspace       used 2836K, committed 3072K, reserved 1114112K
  class space    used 253K, committed 384K, reserved 1048576K
}
Event: 0.968 GC heap before
{Heap before GC invocations=7 (full 3):
 garbage-first heap   total 98304K, used 12153K [0x000000060f400000, 0x0000000800000000)
  region size 4096K, 2 young (8192K), 0 survivors (0K)
 Metaspace       used 2921K, committed 3136K, reserved 1114112K
  class space    used 264K, committed 384K, reserved 1048576K
}
Event: 0.995 GC heap after
{Heap after GC invocations=8 (full 4):
 garbage-first heap   total 57344K, used 11832K [0x000000060f400000, 0x0000000800000000)
  region size 4096K, 0 young (0K), 0 survivors (0K)
 Metaspace       used 2921K, committed 3136K, reserved 1114112K
  class space    used 264K, committed 384K, reserved 1048576K
}
Event: 1.293 GC heap before
{Heap before GC invocations=8 (full 4):
 garbage-first heap   total 57344K, used 15928K [0x000000060f400000, 0x0000000800000000)
  region size 4096K, 2 young (8192K), 0 survivors (0K)
 Metaspace       used 4425K, committed 4608K, reserved 1114112K
  class space    used 428K, committed 512K, reserved 1048576K
}
Event: 1.330 GC heap after
{Heap after GC invocations=9 (full 5):
 garbage-first heap   total 57344K, used 12934K [0x000000060f400000, 0x0000000800000000)
  region size 4096K, 0 young (0K), 0 survivors (0K)
 Metaspace       used 4425K, committed 4608K, reserved 1114112K
  class space    used 428K, committed 512K, reserved 1048576K
}
Event: 1.908 GC heap before
{Heap before GC invocations=9 (full 5):
 garbage-first heap   total 57344K, used 29318K [0x000000060f400000, 0x0000000800000000)
  region size 4096K, 5 young (20480K), 0 survivors (0K)
 Metaspace       used 11747K, committed 11968K, reserved 1114112K
  class space    used 1354K, committed 1472K, reserved 1048576K
}
Event: 1.962 GC heap after
{Heap after GC invocations=10 (full 6):
 garbage-first heap   total 57344K, used 15068K [0x000000060f400000, 0x0000000800000000)
  region size 4096K, 0 young (0K), 0 survivors (0K)
 Metaspace       used 11747K, committed 11968K, reserved 1114112K
  class space    used 1354K, committed 1472K, reserved 1048576K
}
Event: 37.782 GC heap before
{Heap before GC invocations=10 (full 6):
 garbage-first heap   total 57344K, used 39644K [0x000000060f400000, 0x0000000800000000)
  region size 4096K, 6 young (24576K), 0 survivors (0K)
 Metaspace       used 12571K, committed 12736K, reserved 1114112K
  class space    used 1399K, committed 1472K, reserved 1048576K
}
Event: 37.783 GC heap after
{Heap after GC invocations=11 (full 6):
 garbage-first heap   total 57344K, used 15531K [0x000000060f400000, 0x0000000800000000)
  region size 4096K, 1 young (4096K), 1 survivors (4096K)
 Metaspace       used 12571K, committed 12736K, reserved 1114112K
  class space    used 1399K, committed 1472K, reserved 1048576K
}

